<?xml version="1.0" encoding="UTF-8"?>
<!-- Generated by org.testng.reporters.JUnitReportReporter -->
<testsuite hostname="DESKTOP-TKJE3OB" failures="0" tests="4" name="com.bridgelabz.qa.Automation.Handling_Frames_Test" time="79.733" errors="0" timestamp="2023-02-05T19:50:52 IST" skipped="0">
  <testcase classname="com.bridgelabz.qa.Automation.Handling_Frames_Test" name="frame_Handling_Using_Address" time="27.532"/>
  <system-out/>
  <testcase classname="com.bridgelabz.qa.Automation.Handling_Frames_Test" name="frame_Handling_Using_Id_Attribute" time="23.991"/>
  <system-out/>
  <testcase classname="com.bridgelabz.qa.Automation.Handling_Frames_Test" name="frame_Handling_Using_Name_Attribute" time="14.082"/>
  <system-out/>
  <testcase classname="com.bridgelabz.qa.Automation.Handling_Frames_Test" name="frame_Handling_Using_Index" time="14.128"/>
  <system-out/>
</testsuite> <!-- com.bridgelabz.qa.Automation.Handling_Frames_Test -->
