<?xml version="1.0" encoding="UTF-8"?>
<!-- Generated by org.testng.reporters.JUnitReportReporter -->
<testsuite hostname="DESKTOP-TKJE3OB" failures="0" tests="1" name="com.bridgelabz.qa.Automation.WebElement_Test" time="5.849" errors="0" timestamp="2023-02-05T21:04:42 IST" skipped="0">
  <testcase classname="com.bridgelabz.qa.Automation.WebElement_Test" name="different_Ways_OF_Clicking_Button" time="5.849"/>
  <system-out/>
</testsuite> <!-- com.bridgelabz.qa.Automation.WebElement_Test -->
