<?xml version="1.0" encoding="UTF-8"?>
<!-- Generated by org.testng.reporters.JUnitReportReporter -->
<testsuite hostname="DESKTOP-TKJE3OB" failures="0" tests="1" name="com.bridgelabz.qa.Automation.Capturing_Screenshot_Test" time="26.742" errors="0" timestamp="2023-02-02T02:37:08 IST" skipped="0">
  <testcase classname="com.bridgelabz.qa.Automation.Capturing_Screenshot_Test" name="screenshot" time="26.742"/>
  <system-out/>
</testsuite> <!-- com.bridgelabz.qa.Automation.Capturing_Screenshot_Test -->
