<?xml version="1.0" encoding="UTF-8"?>
<!-- Generated by org.testng.reporters.JUnitReportReporter -->
<testsuite hostname="DESKTOP-TKJE3OB" failures="0" tests="1" name="com.bridgelabz.qa.Automation.Robot_Class_Test" time="43.772" errors="0" timestamp="2023-02-02T03:08:04 IST" skipped="0">
  <testcase classname="com.bridgelabz.qa.Automation.Robot_Class_Test" name="handling_Mouse_and_Keyboard_Operations" time="43.772"/>
  <system-out/>
</testsuite> <!-- com.bridgelabz.qa.Automation.Robot_Class_Test -->
