<?xml version="1.0" encoding="UTF-8"?>
<!-- Generated by org.testng.reporters.JUnitReportReporter -->
<testsuite hostname="DESKTOP-TKJE3OB" failures="0" tests="1" name="com.bridgelabz.qa.Automation.Open_Browser_By_userInput_Test" time="4.742" errors="0" timestamp="2023-02-01T01:30:49 IST" skipped="0">
  <testcase classname="com.bridgelabz.qa.Automation.Open_Browser_By_userInput_Test" name="loginFacebook" time="4.742"/>
  <system-out/>
</testsuite> <!-- com.bridgelabz.qa.Automation.Open_Browser_By_userInput_Test -->
