<?xml version="1.0" encoding="UTF-8"?>
<!-- Generated by org.testng.reporters.JUnitReportReporter -->
<testsuite hostname="DESKTOP-TKJE3OB" failures="0" tests="1" name="com.bridgelabz.qa.Automation.Facebook_Tests" time="11.297" errors="0" timestamp="2023-01-23T19:43:13 IST" skipped="0">
  <testcase classname="com.bridgelabz.qa.Automation.Facebook_Tests" name="sign_Up" time="11.297"/>
  <system-out/>
</testsuite> <!-- com.bridgelabz.qa.Automation.Facebook_Tests -->
