<?xml version="1.0" encoding="UTF-8"?>
<!-- Generated by org.testng.reporters.JUnitReportReporter -->
<testsuite hostname="DESKTOP-TKJE3OB" failures="0" tests="1" name="com.bridgelabz.qa.Automation.Download_Popup_Test" time="80.411" errors="0" timestamp="2023-02-09T00:52:28 IST" skipped="0">
  <testcase classname="com.bridgelabz.qa.Automation.Download_Popup_Test" name="file_Download_Using_Firefox" time="80.411"/>
  <system-out/>
</testsuite> <!-- com.bridgelabz.qa.Automation.Download_Popup_Test -->
