<?xml version="1.0" encoding="UTF-8"?>
<!-- Generated by org.testng.reporters.JUnitReportReporter -->
<testsuite hostname="DESKTOP-TKJE3OB" failures="0" tests="1" name="com.bridgelabz.qa.Automation.Auto_Suggestion_Test" time="129.506" errors="0" timestamp="2023-02-07T20:42:31 IST" skipped="0">
  <testcase classname="com.bridgelabz.qa.Automation.Auto_Suggestion_Test" name="auto_Suggestion_Of_Google_search" time="129.506"/>
  <system-out/>
</testsuite> <!-- com.bridgelabz.qa.Automation.Auto_Suggestion_Test -->
