<?xml version="1.0" encoding="UTF-8"?>
<!-- Generated by org.testng.reporters.JUnitReportReporter -->
<testsuite hostname="DESKTOP-TKJE3OB" failures="0" tests="1" name="com.bridgelabz.qa.Automation.Popup_Handling_Test" time="9.647" errors="0" timestamp="2023-02-02T03:05:46 IST" skipped="0">
  <testcase classname="com.bridgelabz.qa.Automation.Popup_Handling_Test" name="simple_Alert_Popup_Test" time="9.647"/>
  <system-out/>
</testsuite> <!-- com.bridgelabz.qa.Automation.Popup_Handling_Test -->
