<?xml version="1.0" encoding="UTF-8"?>
<!-- Generated by org.testng.reporters.JUnitReportReporter -->
<testsuite hostname="DESKTOP-TKJE3OB" failures="0" tests="1" name="com.bridgelabz.qa.Automation.List_Box_Test" time="2.620" errors="0" timestamp="2023-02-08T01:39:39 IST" skipped="0">
  <testcase classname="com.bridgelabz.qa.Automation.List_Box_Test" name="print_Occurance_Of_Poori_In_The_List" time="2.620"/>
  <system-out/>
</testsuite> <!-- com.bridgelabz.qa.Automation.List_Box_Test -->
