<?xml version="1.0" encoding="UTF-8"?>
<!-- Generated by org.testng.reporters.JUnitReportReporter -->
<testsuite hostname="DESKTOP-TKJE3OB" failures="0" tests="1" name="com.bridgelabz.qa.Automation.Facebook_Tests" time="65.232" errors="0" timestamp="2023-02-13T02:18:33 IST" skipped="0">
  <testcase classname="com.bridgelabz.qa.Automation.Facebook_Tests" name="sign_In" time="65.232"/>
  <system-out/>
</testsuite> <!-- com.bridgelabz.qa.Automation.Facebook_Tests -->
