<?xml version="1.0" encoding="UTF-8"?>
<!-- Generated by org.testng.reporters.JUnitReportReporter -->
<testsuite hostname="DESKTOP-TKJE3OB" failures="0" tests="6" name="com.bridgelabz.qa.Automation.TestNG_Annotations" time="0.280" errors="0" timestamp="2023-02-11T01:51:56 IST" skipped="1">
  <testcase classname="com.bridgelabz.qa.Automation.TestNG_Annotations" name="testCase1" time="0.053"/>
  <system-out/>
  <testcase classname="com.bridgelabz.qa.Automation.TestNG_Annotations" name="testCase3" time="0.038"/>
  <system-out/>
  <testcase classname="com.bridgelabz.qa.Automation.TestNG_Annotations" name="testCase1" time="0.080"/>
  <system-out/>
  <testcase classname="com.bridgelabz.qa.Automation.TestNG_Annotations" name="testCase1" time="0.045"/>
  <system-out/>
  <testcase classname="com.bridgelabz.qa.Automation.TestNG_Annotations" name="testCase3" time="0.064"/>
  <system-out/>
  <testcase classname="com.bridgelabz.qa.Automation.TestNG_Annotations" name="testCase2">
    <skipped/>
  </testcase> <!-- testCase2 -->
  <system-out/>
</testsuite> <!-- com.bridgelabz.qa.Automation.TestNG_Annotations -->
