<?xml version="1.0" encoding="UTF-8"?>
<!-- Generated by org.testng.reporters.JUnitReportReporter -->
<testsuite hostname="DESKTOP-TKJE3OB" failures="0" tests="1" name="com.bridgelabz.qa.Automation.WebDriverManager_Test" time="18.746" errors="0" timestamp="2023-02-02T00:47:28 IST" skipped="0">
  <testcase classname="com.bridgelabz.qa.Automation.WebDriverManager_Test" name="webDriverManager_Firefox_Driver_Test" time="18.746"/>
  <system-out/>
</testsuite> <!-- com.bridgelabz.qa.Automation.WebDriverManager_Test -->
