<?xml version="1.0" encoding="UTF-8"?>
<!-- Generated by org.testng.reporters.JUnitReportReporter -->
<testsuite hostname="DESKTOP-TKJE3OB" failures="0" tests="1" name="com.bridgelabz.qa.Automation.Validating_Page_Test" time="11.000" errors="0" timestamp="2023-02-02T00:19:51 IST" skipped="0">
  <testcase classname="com.bridgelabz.qa.Automation.Validating_Page_Test" name="verify_Email_And_Password_entered_isnt_connected_to_an_account" time="11.000"/>
  <system-out/>
</testsuite> <!-- com.bridgelabz.qa.Automation.Validating_Page_Test -->
