<?xml version="1.0" encoding="UTF-8"?>
<!-- Generated by org.testng.reporters.JUnitReportReporter -->
<testsuite hostname="DESKTOP-TKJE3OB" failures="0" tests="1" name="com.bridgelabz.qa.Automation.JavaScript_Executor_Test" time="5.629" errors="0" timestamp="2023-02-02T02:49:57 IST" skipped="0">
  <testcase classname="com.bridgelabz.qa.Automation.JavaScript_Executor_Test" name="scroll_Down_till_Bottom_Of_Web_Page" time="5.629"/>
  <system-out/>
</testsuite> <!-- com.bridgelabz.qa.Automation.JavaScript_Executor_Test -->
