<?xml version="1.0" encoding="UTF-8"?>
<!-- Generated by org.testng.reporters.JUnitReportReporter -->
<testsuite hostname="DESKTOP-TKJE3OB" failures="0" tests="1" name="com.bridgelabz.qa.Automation.Popup_Handling_Test" time="13.451" errors="0" timestamp="2023-02-08T03:41:08 IST" skipped="0">
  <testcase classname="com.bridgelabz.qa.Automation.Popup_Handling_Test" name="file_Download_Using_Chrome" time="13.451"/>
  <system-out/>
</testsuite> <!-- com.bridgelabz.qa.Automation.Popup_Handling_Test -->
