<?xml version="1.0" encoding="UTF-8"?>
<!-- Generated by org.testng.reporters.JUnitReportReporter -->
<testsuite hostname="DESKTOP-TKJE3OB" failures="0" tests="1" name="com.bridgelabz.qa.Automation.Locators_Test" time="11.078" errors="0" timestamp="2023-01-20T00:14:40 IST" skipped="0">
  <testcase classname="com.bridgelabz.qa.Automation.Locators_Test" name="locators" time="11.078"/>
  <system-out/>
</testsuite> <!-- com.bridgelabz.qa.Automation.Locators_Test -->
