<?xml version="1.0" encoding="UTF-8"?>
<!-- Generated by org.testng.reporters.JUnitReportReporter -->
<testsuite hostname="DESKTOP-TKJE3OB" failures="0" tests="1" name="com.bridgelabz.qa.Automation.WebElement_Test" time="9.853" errors="0" timestamp="2023-01-25T00:48:32 IST" skipped="0">
  <testcase classname="com.bridgelabz.qa.Automation.WebElement_Test" name="webElement_Testing" time="9.853"/>
  <system-out/>
</testsuite> <!-- com.bridgelabz.qa.Automation.WebElement_Test -->
