<?xml version="1.0" encoding="UTF-8"?>
<!-- Generated by org.testng.reporters.JUnitReportReporter -->
<testsuite hostname="DESKTOP-TKJE3OB" failures="0" tests="1" name="com.bridgelabz.qa.Automation.Launch_Browser" time="14.693" errors="0" timestamp="2023-02-02T02:53:13 IST" skipped="0">
  <testcase classname="com.bridgelabz.qa.Automation.Launch_Browser" name="browser_Navigations" time="14.693"/>
  <system-out/>
</testsuite> <!-- com.bridgelabz.qa.Automation.Launch_Browser -->
